This is pdfTeX, Version 3.141592-1.40.4 (MiKTeX 2.7) (preloaded format=pdflatex 2008.6.28)  28 JUN 2008 17:13
entering extended mode
**C:/cygwin/home/Kaworu/sartoris/doc/sma.tex
(C:/cygwin/home/Kaworu/sartoris/doc/sma.tex
LaTeX2e <2005/12/01>
Babel <v3.8h> and hyphenation patterns for english, dumylang, nohyphenation, ge
rman, ngerman, french, loaded.
("C:\Program Files\MiKTeX 2.7\tex\latex\base\book.cls"
Document Class: book 2005/09/16 v1.4f Standard LaTeX document class
("C:\Program Files\MiKTeX 2.7\tex\latex\base\bk11.clo"
File: bk11.clo 2005/09/16 v1.4f Standard LaTeX file (size option)
)
\c@part=\count79
\c@chapter=\count80
\c@section=\count81
\c@subsection=\count82
\c@subsubsection=\count83
\c@paragraph=\count84
\c@subparagraph=\count85
\c@figure=\count86
\c@table=\count87
\abovecaptionskip=\skip41
\belowcaptionskip=\skip42
\bibindent=\dimen102
)
("C:\Program Files\MiKTeX 2.7\tex\generic\babel\babel.sty"
Package: babel 2005/11/23 v3.8h The Babel package

*************************************
* Local config file bblopts.cfg used
*
("C:\Program Files\MiKTeX 2.7\tex\latex\00miktex\bblopts.cfg"
File: bblopts.cfg 2006/07/31 v1.0 MiKTeX 'babel' configuration
)
("C:\Program Files\MiKTeX 2.7\tex\generic\babel\english.ldf"
Language: english 2005/03/30 v3.3o English support from the babel system

("C:\Program Files\MiKTeX 2.7\tex\generic\babel\babel.def"
File: babel.def 2005/11/23 v3.8h Babel common definitions
\babel@savecnt=\count88
\U@D=\dimen103
)
\l@british = a dialect from \language\l@english 
\l@UKenglish = a dialect from \language\l@english 
\l@canadian = a dialect from \language\l@american 
\l@australian = a dialect from \language\l@british 
\l@newzealand = a dialect from \language\l@british 
))
("C:\Program Files\MiKTeX 2.7\tex\latex\graphics\graphicx.sty"
Package: graphicx 1999/02/16 v1.0f Enhanced LaTeX Graphics (DPC,SPQR)

("C:\Program Files\MiKTeX 2.7\tex\latex\graphics\keyval.sty"
Package: keyval 1999/03/16 v1.13 key=value parser (DPC)
\KV@toks@=\toks14
)
("C:\Program Files\MiKTeX 2.7\tex\latex\graphics\graphics.sty"
Package: graphics 2006/02/20 v1.0o Standard LaTeX Graphics (DPC,SPQR)

("C:\Program Files\MiKTeX 2.7\tex\latex\graphics\trig.sty"
Package: trig 1999/03/16 v1.09 sin cos tan (DPC)
)
("C:\Program Files\MiKTeX 2.7\tex\latex\00miktex\graphics.cfg"
File: graphics.cfg 2007/01/18 v1.5 graphics configuration of teTeX/TeXLive
)
Package graphics Info: Driver file: dvips.def on input line 90.

("C:\Program Files\MiKTeX 2.7\tex\latex\graphics\dvips.def"
File: dvips.def 1999/02/16 v3.0i Driver-dependant file (DPC,SPQR)
))
\Gin@req@height=\dimen104
\Gin@req@width=\dimen105
)
("C:\Program Files\MiKTeX 2.7\tex\latex\amsfonts\amsfonts.sty"
Package: amsfonts 2001/10/25 v2.2f
\@emptytoks=\toks15
\symAMSa=\mathgroup4
\symAMSb=\mathgroup5
LaTeX Font Info:    Overwriting math alphabet `\mathfrak' in version `bold'
(Font)                  U/euf/m/n --> U/euf/b/n on input line 132.
)
("C:\Program Files\MiKTeX 2.7\tex\latex\amsfonts\amssymb.sty"
Package: amssymb 2002/01/22 v2.2d
) (sma.aux)
LaTeX Font Info:    Checking defaults for OML/cmm/m/it on input line 18.
LaTeX Font Info:    ... okay on input line 18.
LaTeX Font Info:    Checking defaults for T1/cmr/m/n on input line 18.
LaTeX Font Info:    ... okay on input line 18.
LaTeX Font Info:    Checking defaults for OT1/cmr/m/n on input line 18.
LaTeX Font Info:    ... okay on input line 18.
LaTeX Font Info:    Checking defaults for OMS/cmsy/m/n on input line 18.
LaTeX Font Info:    ... okay on input line 18.
LaTeX Font Info:    Checking defaults for OMX/cmex/m/n on input line 18.
LaTeX Font Info:    ... okay on input line 18.
LaTeX Font Info:    Checking defaults for U/cmr/m/n on input line 18.
LaTeX Font Info:    ... okay on input line 18.
LaTeX Font Info:    Try loading font information for U+msa on input line 34.

("C:\Program Files\MiKTeX 2.7\tex\latex\amsfonts\umsa.fd"
File: umsa.fd 2002/01/19 v2.2g AMS font definitions
)
LaTeX Font Info:    Try loading font information for U+msb on input line 34.

("C:\Program Files\MiKTeX 2.7\tex\latex\amsfonts\umsb.fd"
File: umsb.fd 2002/01/19 v2.2g AMS font definitions
)
Overfull \hbox (3.65pt too wide) in paragraph at lines 23--35
[] 
 []


Overfull \hbox (3.65pt too wide) in paragraph at lines 37--44
[] 
 []

[1


{C:/Documents and Settings/All Users/Application Data/MiKTeX/2.7/pdftex/config/
pdftex.map}] [2

] [3

] [4

] (sma.toc
Underfull \vbox (badness 3536) has occurred while \output is active []

 [5])
\tf@toc=\write3

[6]
Chapter 1.
[1


] [2]
LaTeX Font Info:    Try loading font information for OMS+cmss on input line 89.

LaTeX Font Info:    No file OMScmss.fd. on input line 89.


LaTeX Font Warning: Font shape `OMS/cmss/m/n' undefined
(Font)              using `OMS/cmsy/m/n' instead
(Font)              for symbol `textbraceleft' on input line 89.


Underfull \hbox (badness 10000) in paragraph at lines 86--99

 []


Underfull \hbox (badness 10000) in paragraph at lines 86--99

 []

[3]
Underfull \hbox (badness 10000) in paragraph at lines 103--115

 []


Underfull \hbox (badness 10000) in paragraph at lines 103--115

 []

[4] [5]
Overfull \hbox (28.25302pt too wide) in paragraph at lines 148--149
\OT1/cmr/m/n/10.95 and \OT1/cmss/m/n/10.95 delete[]task[]ports \OT1/cmr/m/n/10.
95 func-tions. It's im-por-tant to note that the whole \OT1/cmss/m/n/10.95 msg[
]container
 []

[6] [7]
Underfull \vbox (badness 10000) has occurred while \output is active []

 [8]
Overfull \hbox (9.17581pt too wide) in paragraph at lines 178--182
\OT1/cmr/m/n/10.95 While ser-vic-ing a Dy-namic Mem-ory page fault (i.e. with t
ask[]id 0xFFFFFFFF
 []

[9]
Underfull \hbox (badness 10000) in paragraph at lines 187--246

 []


Underfull \hbox (badness 10000) in paragraph at lines 187--246

 []


Underfull \hbox (badness 10000) in paragraph at lines 187--246

 []


Underfull \hbox (badness 10000) in paragraph at lines 187--246

 []


Underfull \hbox (badness 10000) in paragraph at lines 187--246

 []


Underfull \hbox (badness 10000) in paragraph at lines 187--246

 []


Underfull \hbox (badness 10000) in paragraph at lines 187--246

 []


Underfull \hbox (badness 10000) in paragraph at lines 187--246

 []


Underfull \hbox (badness 10000) in paragraph at lines 187--246

 []


Underfull \hbox (badness 10000) in paragraph at lines 187--246

 []


Underfull \hbox (badness 10000) in paragraph at lines 187--246

 []


Underfull \hbox (badness 10000) in paragraph at lines 187--246

 []


Underfull \hbox (badness 10000) in paragraph at lines 187--246

 []


Underfull \hbox (badness 10000) in paragraph at lines 187--246

 []


Underfull \hbox (badness 10000) in paragraph at lines 187--246

 []


Underfull \hbox (badness 10000) in paragraph at lines 187--246

 []


Underfull \hbox (badness 10000) in paragraph at lines 187--246

 []


Underfull \hbox (badness 10000) in paragraph at lines 187--246

 []

[10] [11] [12]
Chapter 2.
[13

]
Underfull \hbox (badness 10000) in paragraph at lines 270--272

 []


Underfull \hbox (badness 10000) in paragraph at lines 270--272

 []


Overfull \hbox (13.35583pt too wide) in paragraph at lines 273--295
[][] 
 []


Underfull \hbox (badness 10000) in paragraph at lines 273--295

 []


Underfull \hbox (badness 10000) in paragraph at lines 273--295

 []


Underfull \vbox (badness 2573) has occurred while \output is active []

 [14]
Underfull \vbox (badness 10000) has occurred while \output is active []

 [15]
[16]
Overfull \hbox (14.12834pt too wide) in paragraph at lines 324--325
[]\OT1/cmr/bx/n/10.95 PIC re-pro-gram-ming. \OT1/cmr/m/n/10.95 The init func-ti
ons re-pro-grams the pro-grammable
 []

[17] [18] [19] [20

]
Chapter 3.
[21] (sma.aux)

LaTeX Font Warning: Some font shapes were not available, defaults substituted.


LaTeX Warning: Label(s) may have changed. Rerun to get cross-references right.

 ) 
Here is how much of TeX's memory you used:
 1205 strings out of 95340
 13305 string characters out of 1184155
 64048 words of memory out of 1500000
 4398 multiletter control sequences out of 110000
 14005 words of font info for 53 fonts, out of 1200000 for 2000
 14 hyphenation exceptions out of 8191
 26i,8n,22p,1933b,212s stack positions out of 5000i,500n,10000p,200000b,5000s
<C:/Program Files/MiKTeX 2.7/fonts/type1/bluesky/cm/cmbx10.pfb><C:/Program Fi
les/MiKTeX 2.7/fonts/type1/bluesky/cm/cmbx12.pfb><C:/Program Files/MiKTeX 2.7/f
onts/type1/bluesky/cm/cmmi10.pfb><C:/Program Files/MiKTeX 2.7/fonts/type1/blues
ky/cm/cmr10.pfb><C:/Program Files/MiKTeX 2.7/fonts/type1/bluesky/cm/cmr12.pfb><
C:/Program Files/MiKTeX 2.7/fonts/type1/bluesky/cm/cmr17.pfb><C:/Program Files/
MiKTeX 2.7/fonts/type1/bluesky/cm/cmr6.pfb><C:/Program Files/MiKTeX 2.7/fonts/t
ype1/bluesky/cm/cmr8.pfb><C:/Program Files/MiKTeX 2.7/fonts/type1/bluesky/cm/cm
r9.pfb><C:/Program Files/MiKTeX 2.7/fonts/type1/bluesky/cm/cmss10.pfb><C:/Progr
am Files/MiKTeX 2.7/fonts/type1/bluesky/cm/cmss9.pfb><C:/Program Files/MiKTeX 2
.7/fonts/type1/bluesky/cm/cmsy10.pfb><C:/Program Files/MiKTeX 2.7/fonts/type1/b
luesky/cm/cmtt10.pfb>
Output written on sma.pdf (27 pages, 142484 bytes).
PDF statistics:
 141 PDF objects out of 1000 (max. 8388607)
 0 named destinations out of 1000 (max. 131072)
 1 words of extra memory for PDF output out of 10000 (max. 10000000)

